[2025-10-19 21:35:30 UTC] build_site.py completed: reconciliation-dashboard, module-grid, evidence-provenance updated
[2025-10-19 21:36:22 UTC] build_site.py completed: reconciliation-dashboard, module-grid, evidence-provenance updated
[2025-10-19 21:37:46 UTC] disconfirmer_monitor.py status=FAIL alerts=1
[2025-10-19 21:41:38 UTC] build_site.py completed: reconciliation-dashboard, module-grid, evidence-provenance updated
[2025-10-19 21:41:58 UTC] disconfirmer_monitor.py status=FAIL alerts=1
[2025-10-19 21:42:27 UTC] build_site.py completed: reconciliation-dashboard, module-grid, evidence-provenance updated
[2025-10-19 21:42:40 UTC] disconfirmer_monitor.py status=FAIL alerts=1
[2025-10-19 21:48:01 UTC] disconfirmer_monitor.py status=PASS alerts=0
[2025-10-19 21:48:15 UTC] disconfirmer_monitor.py status=PASS alerts=0
[2025-10-19 22:08:52 UTC] build_site.py FAILED: unsupported format string passed to NoneType.__format__
[2025-10-19 22:10:30 UTC] build_site.py completed: reconciliation-dashboard, module-grid, evidence-provenance, executive-dashboard, price-target updated
[2025-10-19 22:11:59 UTC] build_site.py completed: reconciliation-dashboard, module-grid, evidence-provenance, executive-dashboard, price-target updated
[2025-10-19 22:12:33 UTC] disconfirmer_monitor.py status=PASS alerts=0
[2025-10-19 22:12:45 UTC] manual entry: reconciliation_guard.py status=PASS
[2025-10-19 22:13:16 UTC] manual entry: print_validation pending - requires GUI browser (not executed in CLI)
[2025-10-19 22:16:29 UTC] print_validation completed: 2/2 passed
[2025-10-19 22:17:08 UTC] build_site.py completed: reconciliation-dashboard, module-grid, evidence-provenance, executive-dashboard, price-target updated
[2025-10-19 22:17:37 UTC] build_site.py completed: reconciliation-dashboard, module-grid, evidence-provenance, executive-dashboard, price-target updated
[2025-10-19 22:17:45 UTC] disconfirmer_monitor.py status=PASS alerts=0
[2025-10-19 22:54:03 UTC] build_site.py completed: reconciliation-dashboard, module-grid, evidence-provenance, executive-dashboard, price-target updated
[2025-10-19 22:58:20 UTC] build_site.py completed: reconciliation-dashboard, module-grid, evidence-provenance, executive-dashboard, price-target updated
[2025-10-19 22:58:21 UTC] disconfirmer_monitor.py status=PASS alerts=0
